<!DOCTYPE html PUBLIC "-//W3C//DTD XHTML 1.1//EN" "https://www.w3.org/TR/xhtml11/DTD/xhtml11.dtd">
<html xmlns="https://www.w3.org/1999/xhtml">
<head>
<meta http-equiv="content-type" content="text/html; charset=UTF-8"/>
<title>TestNG Report</title>
<style type="text/css">table {margin-bottom:10px;border-collapse:collapse;empty-cells:show}th,td {border:1px solid #009;padding:.25em .5em}th {vertical-align:bottom}td {vertical-align:top}table a {font-weight:bold}.stripe td {background-color: #E6EBF9}.num {text-align:right}.passedodd td {background-color: #3F3}.passedeven td {background-color: #0A0}.skippedodd td {background-color: #DDD}.skippedeven td {background-color: #CCC}.failedodd td,.attn {background-color: #F33}.failedeven td,.stripe .attn {background-color: #D00}.stacktrace {white-space:pre;font-family:monospace}.totop {font-size:85%;text-align:center;border-bottom:2px solid #000}.invisible {display:none}</style>
</head>
<body>
<table>
<tr><th>Test</th><th># Passed</th><th># Skipped</th><th># Retried</th><th># Failed</th><th>Time (ms)</th><th>Included Groups</th><th>Excluded Groups</th></tr>
<tr><th colspan="8">RSA Ecom Test Suite</th></tr>
<tr><td><a href="#t0">AgentB Test</a></td><td class="num">0</td><td class="num">0</td><td class="num">0</td><td class="num attn">1</td><td class="num">76,712</td><td></td><td></td></tr>
<tr class="stripe"><td><a href="#t1">LcCI Test</a></td><td class="num">2</td><td class="num">0</td><td class="num">0</td><td class="num attn">2</td><td class="num">208,295</td><td></td><td></td></tr>
<tr><th>Total</th><th class="num">2</th><th class="num">0</th><th class="num">0</th><th class="num attn">3</th><th class="num">285,007</th><th colspan="2"></th></tr>
</table>
<table id='summary'><thead><tr><th>Class</th><th>Method</th><th>Start</th><th>Time (ms)</th></tr></thead><tbody><tr><th colspan="4">RSA Ecom Test Suite</th></tr></tbody><tbody id="t0"><tr><th colspan="4">AgentB Test &#8212; failed</th></tr><tr class="failedeven"><td rowspan="1">testcases.RsaEcomAgentBCITest</td><td><a href="#m0">runFlow</a></td><td rowspan="1">1747973940913</td><td rowspan="1">58897</td></tr></tbody>
<tbody id="t1"><tr><th colspan="4">LcCI Test &#8212; failed</th></tr><tr class="failedeven"><td rowspan="2">testcases.RsaEcomLcCITest</td><td><a href="#m1">testCallFlow</a></td><td rowspan="1">1747974013303</td><td rowspan="1">78861</td></tr><tr class="failedeven"><td><a href="#m2">testTransferFlow1</a></td><td rowspan="1">1747974129554</td><td rowspan="1">77748</td></tr><tr><th colspan="4">LcCI Test &#8212; passed</th></tr><tr class="passedeven"><td rowspan="2">testcases.RsaEcomLcCITest</td><td><a href="#m3">testLogin</a></td><td rowspan="1">1747974100162</td><td rowspan="1">5177</td></tr><tr class="passedeven"><td><a href="#m4">testLoginAndSystemLogin</a></td><td rowspan="1">1747974112049</td><td rowspan="1">9488</td></tr></tbody>
</table>
<h2>AgentB Test</h2><h3 id="m0">testcases.RsaEcomAgentBCITest#runFlow</h3><table class="result"><tr><th>Exception</th></tr><tr><td><div class="stacktrace">org.openqa.selenium.TimeoutException: Expected condition failed: waiting for element to be clickable: By.id: ISREADY (tried for 50 second(s) with 500 milliseconds interval)
Build info: version: &apos;4.17.0&apos;, revision: &apos;e52b1be057*&apos;
System info: os.name: &apos;Mac OS X&apos;, os.arch: &apos;x86_64&apos;, os.version: &apos;15.5&apos;, java.version: &apos;23.0.2&apos;
Driver info: org.openqa.selenium.chrome.ChromeDriver
Capabilities {acceptInsecureCerts: false, browserName: chrome, browserVersion: 137.0.7151.41, chrome: {chromedriverVersion: 137.0.7151.40 (84781974514a..., userDataDir: /var/folders/9v/7kggtdl90bn...}, fedcm:accounts: true, goog:chromeOptions: {debuggerAddress: localhost:54527}, networkConnectionEnabled: false, pageLoadStrategy: normal, platformName: mac, proxy: Proxy(), se:cdp: ws://localhost:54527/devtoo..., se:cdpVersion: 137.0.7151.41, setWindowRect: true, strictFileInteractability: false, timeouts: {implicit: 0, pageLoad: 300000, script: 30000}, unhandledPromptBehavior: dismiss and notify, webauthn:extension:credBlob: true, webauthn:extension:largeBlob: true, webauthn:extension:minPinLength: true, webauthn:extension:prf: true, webauthn:virtualAuthenticators: true}
Session ID: fc7bf49cc63f1309eced3e712fb5c808
	at org.openqa.selenium.support.ui.WebDriverWait.timeoutException(WebDriverWait.java:84)
	at org.openqa.selenium.support.ui.FluentWait.until(FluentWait.java:228)
	at pages.AgentBCIPage.answerCall(AgentBCIPage.java:21)
	at testcases.RsaEcomAgentBCITest.runFlow(RsaEcomAgentBCITest.java:30)
	at java.base/java.util.ArrayList.forEach(ArrayList.java:1597)
	at com.intellij.rt.testng.IDEARemoteTestNG.run(IDEARemoteTestNG.java:65)
	at com.intellij.rt.testng.RemoteTestNGStarter.main(RemoteTestNGStarter.java:105)
... Removed 22 stack frames</div></td></tr></table><p class="totop"><a href="#summary">back to summary</a></p>
<h2>LcCI Test</h2><h3 id="m1">testcases.RsaEcomLcCITest#testCallFlow</h3><table class="result"><tr><th>Exception</th></tr><tr><td><div class="stacktrace">org.openqa.selenium.TimeoutException: Expected condition failed: waiting for element to be clickable: By.xpath: //textarea[@placeholder=&apos;Nhập ghi chú&apos;] (tried for 50 second(s) with 500 milliseconds interval)
Build info: version: &apos;4.17.0&apos;, revision: &apos;e52b1be057*&apos;
System info: os.name: &apos;Mac OS X&apos;, os.arch: &apos;x86_64&apos;, os.version: &apos;15.5&apos;, java.version: &apos;23.0.2&apos;
Driver info: org.openqa.selenium.chrome.ChromeDriver
Capabilities {acceptInsecureCerts: false, browserName: chrome, browserVersion: 137.0.7151.41, chrome: {chromedriverVersion: 137.0.7151.40 (84781974514a..., userDataDir: /var/folders/9v/7kggtdl90bn...}, fedcm:accounts: true, goog:chromeOptions: {debuggerAddress: localhost:54781}, networkConnectionEnabled: false, pageLoadStrategy: normal, platformName: mac, proxy: Proxy(), se:cdp: ws://localhost:54781/devtoo..., se:cdpVersion: 137.0.7151.41, setWindowRect: true, strictFileInteractability: false, timeouts: {implicit: 0, pageLoad: 300000, script: 30000}, unhandledPromptBehavior: dismiss and notify, webauthn:extension:credBlob: true, webauthn:extension:largeBlob: true, webauthn:extension:minPinLength: true, webauthn:extension:prf: true, webauthn:virtualAuthenticators: true}
Session ID: 4a8a3c0e2a2fc707cb4449524dcded3f
	at org.openqa.selenium.support.ui.WebDriverWait.timeoutException(WebDriverWait.java:84)
	at org.openqa.selenium.support.ui.FluentWait.until(FluentWait.java:228)
	at pages.CallFlowPage.performCallFlow(CallFlowPage.java:39)
	at testcases.RsaEcomLcCITest.testCallFlow(RsaEcomLcCITest.java:50)
	at java.base/java.util.ArrayList.forEach(ArrayList.java:1597)
	at com.intellij.rt.testng.IDEARemoteTestNG.run(IDEARemoteTestNG.java:65)
	at com.intellij.rt.testng.RemoteTestNGStarter.main(RemoteTestNGStarter.java:105)
... Removed 22 stack frames</div></td></tr></table><p class="totop"><a href="#summary">back to summary</a></p>
<h3 id="m2">testcases.RsaEcomLcCITest#testTransferFlow1</h3><table class="result"><tr><th>Exception</th></tr><tr><td><div class="stacktrace">org.openqa.selenium.ElementClickInterceptedException: element click intercepted: Element &lt;button id=&quot;CALL-ACTION-BTN-DROP&quot; type=&quot;button&quot; class=&quot;ant-btn ant-btn-default sc-bczRLJ jdQiOt CAL-btnAction&quot;&gt;...&lt;/button&gt; is not clickable at point (1353, 104). Other element would receive the click: &lt;div tabindex=&quot;-1&quot; class=&quot;ant-modal-wrap ant-modal-centered&quot; aria-labelledby=&quot;rc_unique_1&quot;&gt;...&lt;/div&gt;
  (Session info: chrome=137.0.7151.41)
Build info: version: &apos;4.17.0&apos;, revision: &apos;e52b1be057*&apos;
System info: os.name: &apos;Mac OS X&apos;, os.arch: &apos;x86_64&apos;, os.version: &apos;15.5&apos;, java.version: &apos;23.0.2&apos;
Driver info: org.openqa.selenium.chrome.ChromeDriver
Command: [025f43d752b861d5a66bf8c886d67f97, clickElement {id=f.5FFB050055AD8C7E80DF551547352AD8.d.03BAF6C6A4D47954CF89501B537B2C2B.e.97}]
Capabilities {acceptInsecureCerts: false, browserName: chrome, browserVersion: 137.0.7151.41, chrome: {chromedriverVersion: 137.0.7151.40 (84781974514a..., userDataDir: /var/folders/9v/7kggtdl90bn...}, fedcm:accounts: true, goog:chromeOptions: {debuggerAddress: localhost:55395}, networkConnectionEnabled: false, pageLoadStrategy: normal, platformName: mac, proxy: Proxy(), se:cdp: ws://localhost:55395/devtoo..., se:cdpVersion: 137.0.7151.41, setWindowRect: true, strictFileInteractability: false, timeouts: {implicit: 0, pageLoad: 300000, script: 30000}, unhandledPromptBehavior: dismiss and notify, webauthn:extension:credBlob: true, webauthn:extension:largeBlob: true, webauthn:extension:minPinLength: true, webauthn:extension:prf: true, webauthn:virtualAuthenticators: true}
Element: [[ChromeDriver: chrome on mac (025f43d752b861d5a66bf8c886d67f97)] -&gt; xpath: //button[@id=&apos;CALL-ACTION-BTN-DROP&apos;]]
Session ID: 025f43d752b861d5a66bf8c886d67f97
	at org.openqa.selenium.remote.codec.w3c.W3CHttpResponseCodec.createException(W3CHttpResponseCodec.java:185)
	at org.openqa.selenium.remote.codec.w3c.W3CHttpResponseCodec.decode(W3CHttpResponseCodec.java:134)
	at org.openqa.selenium.remote.codec.w3c.W3CHttpResponseCodec.decode(W3CHttpResponseCodec.java:51)
	at org.openqa.selenium.remote.HttpCommandExecutor.execute(HttpCommandExecutor.java:190)
	at org.openqa.selenium.remote.service.DriverCommandExecutor.invokeExecute(DriverCommandExecutor.java:216)
	at org.openqa.selenium.remote.service.DriverCommandExecutor.execute(DriverCommandExecutor.java:174)
	at org.openqa.selenium.remote.RemoteWebDriver.execute(RemoteWebDriver.java:519)
	at org.openqa.selenium.remote.RemoteWebElement.execute(RemoteWebElement.java:223)
	at org.openqa.selenium.remote.RemoteWebElement.click(RemoteWebElement.java:76)
	at pages.TransferPage.performTransfer(TransferPage.java:37)
	at testcases.RsaEcomLcCITest.testTransferFlow1(RsaEcomLcCITest.java:63)
	at java.base/java.util.ArrayList.forEach(ArrayList.java:1597)
	at com.intellij.rt.testng.IDEARemoteTestNG.run(IDEARemoteTestNG.java:65)
	at com.intellij.rt.testng.RemoteTestNGStarter.main(RemoteTestNGStarter.java:105)
... Removed 25 stack frames</div></td></tr></table><p class="totop"><a href="#summary">back to summary</a></p>
<h3 id="m3">testcases.RsaEcomLcCITest#testLogin</h3><table class="result"><tr><th class="invisible"/></tr></table><p class="totop"><a href="#summary">back to summary</a></p>
<h3 id="m4">testcases.RsaEcomLcCITest#testLoginAndSystemLogin</h3><table class="result"><tr><th class="invisible"/></tr></table><p class="totop"><a href="#summary">back to summary</a></p>
</body>
</html>
